Mensaje I / 00:00:00:000 / Root(00) para top(01)
Mensaje I / 00:00:00:000 / top(01) para lightcontroller(02)
Mensaje Y / 00:00:00:000 / lightcontroller(02) / tolightn /      1.00000 para top(01)
Mensaje Y / 00:00:00:000 / lightcontroller(02) / tolights /      1.00000 para top(01)
Mensaje Y / 00:00:00:000 / lightcontroller(02) / tolighte /      2.00000 para top(01)
Mensaje Y / 00:00:00:000 / lightcontroller(02) / tolightw /      2.00000 para top(01)
Mensaje D / 00:00:00:000 / lightcontroller(02) / ... para top(01)
Mensaje Y / 00:00:00:000 / top(01) / myoutn /      1.00000 para Root(00)
Mensaje Y / 00:00:00:000 / top(01) / myouts /      1.00000 para Root(00)
Mensaje Y / 00:00:00:000 / top(01) / myoute /      2.00000 para Root(00)
Mensaje Y / 00:00:00:000 / top(01) / myoutw /      2.00000 para Root(00)
Mensaje D / 00:00:00:000 / top(01) / ... para Root(00)
Mensaje X / 00:00:10:000 / Root(00) / myin /      1.00000 para top(01)
Mensaje X / 00:00:10:000 / top(01) / changeway /      1.00000 para lightcontroller(02)
Mensaje Y / 00:00:10:000 / lightcontroller(02) / tolightn /      2.00000 para top(01)
Mensaje Y / 00:00:10:000 / lightcontroller(02) / tolights /      2.00000 para top(01)
Mensaje Y / 00:00:10:000 / lightcontroller(02) / tolighte /      1.00000 para top(01)
Mensaje Y / 00:00:10:000 / lightcontroller(02) / tolightw /      1.00000 para top(01)
Mensaje D / 00:00:10:000 / lightcontroller(02) / ... para top(01)
Mensaje Y / 00:00:10:000 / top(01) / myoutn /      2.00000 para Root(00)
Mensaje Y / 00:00:10:000 / top(01) / myouts /      2.00000 para Root(00)
Mensaje Y / 00:00:10:000 / top(01) / myoute /      1.00000 para Root(00)
Mensaje Y / 00:00:10:000 / top(01) / myoutw /      1.00000 para Root(00)
Mensaje D / 00:00:10:000 / top(01) / ... para Root(00)
Mensaje X / 00:00:15:000 / Root(00) / myin /      1.00000 para top(01)
Mensaje X / 00:00:15:000 / top(01) / changeway /      1.00000 para lightcontroller(02)
Mensaje Y / 00:00:15:000 / lightcontroller(02) / tolightn /      1.00000 para top(01)
Mensaje Y / 00:00:15:000 / lightcontroller(02) / tolights /      1.00000 para top(01)
Mensaje Y / 00:00:15:000 / lightcontroller(02) / tolighte /      2.00000 para top(01)
Mensaje Y / 00:00:15:000 / lightcontroller(02) / tolightw /      2.00000 para top(01)
Mensaje D / 00:00:15:000 / lightcontroller(02) / ... para top(01)
Mensaje Y / 00:00:15:000 / top(01) / myoutn /      1.00000 para Root(00)
Mensaje Y / 00:00:15:000 / top(01) / myouts /      1.00000 para Root(00)
Mensaje Y / 00:00:15:000 / top(01) / myoute /      2.00000 para Root(00)
Mensaje Y / 00:00:15:000 / top(01) / myoutw /      2.00000 para Root(00)
Mensaje D / 00:00:15:000 / top(01) / ... para Root(00)
Mensaje X / 00:00:20:000 / Root(00) / myin /      1.00000 para top(01)
Mensaje X / 00:00:20:000 / top(01) / changeway /      1.00000 para lightcontroller(02)
Mensaje Y / 00:00:20:000 / lightcontroller(02) / tolightn /      2.00000 para top(01)
Mensaje Y / 00:00:20:000 / lightcontroller(02) / tolights /      2.00000 para top(01)
Mensaje Y / 00:00:20:000 / lightcontroller(02) / tolighte /      1.00000 para top(01)
Mensaje Y / 00:00:20:000 / lightcontroller(02) / tolightw /      1.00000 para top(01)
Mensaje D / 00:00:20:000 / lightcontroller(02) / ... para top(01)
Mensaje Y / 00:00:20:000 / top(01) / myoutn /      2.00000 para Root(00)
Mensaje Y / 00:00:20:000 / top(01) / myouts /      2.00000 para Root(00)
Mensaje Y / 00:00:20:000 / top(01) / myoute /      1.00000 para Root(00)
Mensaje Y / 00:00:20:000 / top(01) / myoutw /      1.00000 para Root(00)
Mensaje D / 00:00:20:000 / top(01) / ... para Root(00)
Mensaje X / 00:00:25:000 / Root(00) / myin /      1.00000 para top(01)
Mensaje X / 00:00:25:000 / top(01) / changeway /      1.00000 para lightcontroller(02)
Mensaje Y / 00:00:25:000 / lightcontroller(02) / tolightn /      1.00000 para top(01)
Mensaje Y / 00:00:25:000 / lightcontroller(02) / tolights /      1.00000 para top(01)
Mensaje Y / 00:00:25:000 / lightcontroller(02) / tolighte /      2.00000 para top(01)
Mensaje Y / 00:00:25:000 / lightcontroller(02) / tolightw /      2.00000 para top(01)
Mensaje D / 00:00:25:000 / lightcontroller(02) / ... para top(01)
Mensaje Y / 00:00:25:000 / top(01) / myoutn /      1.00000 para Root(00)
Mensaje Y / 00:00:25:000 / top(01) / myouts /      1.00000 para Root(00)
Mensaje Y / 00:00:25:000 / top(01) / myoute /      2.00000 para Root(00)
Mensaje Y / 00:00:25:000 / top(01) / myoutw /      2.00000 para Root(00)
Mensaje D / 00:00:25:000 / top(01) / ... para Root(00)
